<?xml version="1.0" encoding="UTF-8"?>
<testng-results ignored="0" total="1" passed="1" failed="0" skipped="0">
  <reporter-output>
  </reporter-output>
  <suite started-at="2025-02-25T03:22:52 IST" name="Default suite" finished-at="2025-02-25T03:22:57 IST" duration-ms="4595">
    <groups>
    </groups>
    <test started-at="2025-02-25T03:22:52 IST" name="Default test" finished-at="2025-02-25T03:22:57 IST" duration-ms="4595">
      <class name="uiTests.TestHomePage">
        <test-method is-config="true" signature="initialize()[pri:0, instance:uiTests.TestHomePage@292b08d6]" started-at="2025-02-25T03:22:52 IST" name="initialize" finished-at="2025-02-25T03:22:54 IST" duration-ms="2243" status="PASS">
          <reporter-output>
          </reporter-output>
        </test-method> <!-- initialize -->
        <test-method signature="testCardsVisible()[pri:0, instance:uiTests.TestHomePage@292b08d6]" started-at="2025-02-25T03:22:54 IST" name="testCardsVisible" finished-at="2025-02-25T03:22:56 IST" duration-ms="1873" status="PASS">
          <reporter-output>
          </reporter-output>
        </test-method> <!-- testCardsVisible -->
        <test-method is-config="true" signature="teardown()[pri:0, instance:uiTests.TestHomePage@292b08d6]" started-at="2025-02-25T03:22:56 IST" name="teardown" finished-at="2025-02-25T03:22:57 IST" duration-ms="429" status="PASS">
          <reporter-output>
          </reporter-output>
        </test-method> <!-- teardown -->
      </class> <!-- uiTests.TestHomePage -->
    </test> <!-- Default test -->
  </suite> <!-- Default suite -->
</testng-results>
