<?xml version="1.0" encoding="UTF-8"?>
<testng-results ignored="0" total="2" passed="2" failed="0" skipped="0">
  <reporter-output>
  </reporter-output>
  <suite started-at="2025-02-25T04:39:15 IST" name="Default suite" finished-at="2025-02-25T04:39:19 IST" duration-ms="4737">
    <groups>
    </groups>
    <test started-at="2025-02-25T04:39:15 IST" name="Default test" finished-at="2025-02-25T04:39:19 IST" duration-ms="4737">
      <class name="uiTests.TestHomePage">
        <test-method is-config="true" signature="initialize()[pri:0, instance:uiTests.TestHomePage@22555ebf]" started-at="2025-02-25T04:39:15 IST" name="initialize" finished-at="2025-02-25T04:39:19 IST" duration-ms="4328" status="PASS">
          <reporter-output>
          </reporter-output>
        </test-method> <!-- initialize -->
        <test-method signature="testFormsCard()[pri:0, instance:uiTests.TestHomePage@22555ebf]" started-at="2025-02-25T04:39:19 IST" name="testFormsCard" finished-at="2025-02-25T04:39:19 IST" duration-ms="208" status="PASS">
          <reporter-output>
          </reporter-output>
        </test-method> <!-- testFormsCard -->
        <test-method signature="testHomePageTitle()[pri:0, instance:uiTests.TestHomePage@22555ebf]" started-at="2025-02-25T04:39:19 IST" name="testHomePageTitle" finished-at="2025-02-25T04:39:19 IST" duration-ms="15" status="PASS">
          <reporter-output>
          </reporter-output>
        </test-method> <!-- testHomePageTitle -->
        <test-method is-config="true" signature="teardown()[pri:0, instance:uiTests.TestHomePage@22555ebf]" started-at="2025-02-25T04:39:19 IST" name="teardown" finished-at="2025-02-25T04:39:19 IST" duration-ms="145" status="PASS">
          <reporter-output>
          </reporter-output>
        </test-method> <!-- teardown -->
      </class> <!-- uiTests.TestHomePage -->
    </test> <!-- Default test -->
  </suite> <!-- Default suite -->
</testng-results>
