<?xml version="1.0" encoding="UTF-8"?>
<!-- Generated by org.testng.reporters.JUnitXMLReporter -->
<testsuite ignored="0" hostname="LAPTOP-NEB2UBL9" failures="0" tests="5" name="Default test" time="3.56" errors="0" timestamp="2025-02-24T23:21:10 IST">
  <testcase classname="APITest.bookStoreApi" name="testCreateUserRequest" time="2.453"/>
  <testcase classname="APITest.bookStoreApi" name="testCreateUserRequest" time="0.26"/>
  <testcase classname="APITest.bookStoreApi" name="testGetAuthorize" time="0.306"/>
  <testcase classname="APITest.bookStoreApi" name="testGetAuthorize" time="0.246"/>
  <testcase classname="APITest.bookStoreApi" name="testGetBooks" time="0.225"/>
</testsuite> <!-- Default test -->
